WARNING 2019-11-21 22:36:56,034 base 93 Not Found: /
WARNING 2019-11-21 22:36:56,035 basehttp 124 "GET / HTTP/1.1" 404 2475
WARNING 2019-11-21 22:37:05,098 base 93 Not Found: /admin/
WARNING 2019-11-21 22:37:05,099 basehttp 124 "GET /admin/ HTTP/1.1" 404 2511
WARNING 2019-11-21 22:37:09,098 base 93 Not Found: /admin/
WARNING 2019-11-21 22:37:09,099 basehttp 124 "GET /admin/ HTTP/1.1" 404 2511
INFO 2019-11-21 22:37:16,098 basehttp 124 "GET /xadmin/ HTTP/1.1" 200 4163
INFO 2019-11-21 22:37:16,122 basehttp 124 "GET /static/xadmin/css/xadmin.plugins.css HTTP/1.1" 200 186
INFO 2019-11-21 22:37:16,124 basehttp 124 "GET /static/xadmin/css/xadmin.responsive.css HTTP/1.1" 200 4610
INFO 2019-11-21 22:37:16,171 basehttp 124 "GET /static/xadmin/css/xadmin.main.css HTTP/1.1" 200 8805
INFO 2019-11-21 22:37:16,173 basehttp 124 "GET /static/xadmin/vendor/jquery-ui/jquery.ui.mouse.js HTTP/1.1" 200 4730
INFO 2019-11-21 22:37:16,174 basehttp 124 "GET /static/xadmin/vendor/jquery-ui/jquery.ui.sortable.js HTTP/1.1" 200 43825
INFO 2019-11-21 22:37:16,174 basehttp 124 "GET /static/xadmin/vendor/jquery-ui/jquery.ui.widget.js HTTP/1.1" 200 15590
INFO 2019-11-21 22:37:16,187 basehttp 124 "GET /xadmin/jsi18n/ HTTP/1.1" 200 4170
INFO 2019-11-21 22:37:16,213 basehttp 124 "GET /static/xadmin/css/themes/bootstrap-xadmin.css HTTP/1.1" 200 1949
INFO 2019-11-21 22:37:16,218 basehttp 124 "GET /static/xadmin/vendor/jquery/jquery.js HTTP/1.1" 200 248951
INFO 2019-11-21 22:37:16,219 basehttp 124 "GET /static/xadmin/vendor/jquery-ui/jquery.ui.core.js HTTP/1.1" 200 8515
INFO 2019-11-21 22:37:16,225 basehttp 124 "GET /static/xadmin/vendor/font-awesome/css/font-awesome.css HTTP/1.1" 200 22996
INFO 2019-11-21 22:37:16,225 basehttp 124 "GET /static/xadmin/vendor/bootstrap/js/bootstrap.js HTTP/1.1" 200 60329
INFO 2019-11-21 22:37:16,234 basehttp 124 "GET /static/xadmin/js/xadmin.main.js HTTP/1.1" 200 3508
INFO 2019-11-21 22:37:16,237 basehttp 124 "GET /static/xadmin/js/xadmin.responsive.js HTTP/1.1" 200 4165
INFO 2019-11-21 22:37:16,249 basehttp 124 "GET /static/xadmin/vendor/bootstrap/css/bootstrap.css HTTP/1.1" 200 133529
INFO 2019-11-21 22:37:16,309 basehttp 124 "GET /static/xadmin/vendor/font-awesome/fonts/fontawesome-webfont.woff?v=4.0.3 HTTP/1.1" 200 44432
INFO 2019-11-21 22:37:24,593 basehttp 124 "POST /xadmin/ HTTP/1.1" 302 0
INFO 2019-11-21 22:37:24,666 basehttp 124 "GET /xadmin/ HTTP/1.1" 200 15721
INFO 2019-11-21 22:37:24,676 basehttp 124 "GET /static/xadmin/css/xadmin.page.dashboard.css HTTP/1.1" 200 836
INFO 2019-11-21 22:37:24,688 basehttp 124 "GET /static/xadmin/js/xadmin.page.dashboard.js HTTP/1.1" 200 3285
INFO 2019-11-21 22:37:24,690 basehttp 124 "GET /static/xadmin/js/xadmin.plugin.portal.js HTTP/1.1" 200 1029
INFO 2019-11-21 22:37:24,714 basehttp 124 "GET /xadmin/jsi18n/ HTTP/1.1" 200 7684
INFO 2019-11-21 22:39:25,255 basehttp 124 "GET /xadmin/home/banner/ HTTP/1.1" 200 25331
INFO 2019-11-21 22:39:25,283 basehttp 124 "GET /static/xadmin/js/xadmin.plugin.bookmark.js HTTP/1.1" 200 545
INFO 2019-11-21 22:39:25,292 basehttp 124 "GET /xadmin/jsi18n/ HTTP/1.1" 200 7684
INFO 2019-11-21 22:39:25,295 basehttp 124 "GET /static/xadmin/css/xadmin.form.css HTTP/1.1" 200 3763
INFO 2019-11-21 22:39:25,305 basehttp 124 "GET /static/xadmin/js/xadmin.page.form.js HTTP/1.1" 200 1999
INFO 2019-11-21 22:39:25,306 basehttp 124 "GET /static/xadmin/js/xadmin.plugin.filters.js HTTP/1.1" 200 2046
INFO 2019-11-21 22:39:25,317 basehttp 124 "GET /static/xadmin/js/xadmin.page.list.js HTTP/1.1" 200 1133
INFO 2019-11-21 22:39:25,328 basehttp 124 "GET /static/xadmin/js/xadmin.plugin.details.js HTTP/1.1" 200 2380
INFO 2019-11-21 22:39:38,326 basehttp 124 "GET /xadmin/home/banner/add/ HTTP/1.1" 200 21077
INFO 2019-11-21 22:39:38,347 basehttp 124 "GET /static/xadmin/vendor/bootstrap-image-gallery/css/bootstrap-image-gallery.css HTTP/1.1" 200 3492
INFO 2019-11-21 22:39:38,351 basehttp 124 "GET /static/xadmin/vendor/bootstrap-image-gallery/js/bootstrap-image-gallery.js HTTP/1.1" 200 16013
INFO 2019-11-21 22:39:38,358 basehttp 124 "GET /xadmin/jsi18n/ HTTP/1.1" 200 7684
INFO 2019-11-21 22:39:38,359 basehttp 124 "GET /static/xadmin/vendor/load-image/load-image.js HTTP/1.1" 200 8551
INFO 2019-11-21 22:41:42,980 basehttp 124 "POST /xadmin/home/banner/add/ HTTP/1.1" 302 0
INFO 2019-11-21 22:41:43,056 basehttp 124 "GET /xadmin/home/banner/add/ HTTP/1.1" 200 21418
INFO 2019-11-21 22:41:43,083 basehttp 124 "GET /xadmin/jsi18n/ HTTP/1.1" 200 7684
INFO 2019-11-21 22:41:54,279 basehttp 124 "POST /xadmin/home/banner/add/ HTTP/1.1" 302 0
INFO 2019-11-21 22:41:54,341 basehttp 124 "GET /xadmin/home/banner/add/ HTTP/1.1" 200 21412
INFO 2019-11-21 22:41:54,364 basehttp 124 "GET /xadmin/jsi18n/ HTTP/1.1" 200 7684
INFO 2019-11-21 22:42:07,255 basehttp 124 "POST /xadmin/home/banner/add/ HTTP/1.1" 302 0
INFO 2019-11-21 22:42:07,345 basehttp 124 "GET /xadmin/home/banner/3/update/ HTTP/1.1" 200 21852
INFO 2019-11-21 22:42:07,368 basehttp 124 "GET /media/banner/333_3b2TOma.jpg HTTP/1.1" 200 619964
INFO 2019-11-21 22:42:07,380 basehttp 124 "GET /xadmin/jsi18n/ HTTP/1.1" 200 7684
INFO 2019-11-21 22:42:10,539 basehttp 124 "POST /xadmin/home/banner/3/update/ HTTP/1.1" 302 0
INFO 2019-11-21 22:42:10,675 basehttp 124 "GET /xadmin/home/banner/ HTTP/1.1" 200 28039
INFO 2019-11-21 22:42:10,735 basehttp 124 "GET /xadmin/jsi18n/ HTTP/1.1" 200 7684
INFO 2019-11-21 22:42:10,744 basehttp 124 "GET /static/xadmin/js/xadmin.plugin.actions.js HTTP/1.1" 200 4316
INFO 2019-11-21 22:42:19,814 basehttp 124 "GET /xadmin/user/user/ HTTP/1.1" 200 35591
INFO 2019-11-21 22:42:19,834 basehttp 124 "GET /xadmin/jsi18n/ HTTP/1.1" 200 7684
INFO 2019-11-21 22:42:23,150 basehttp 124 "GET /xadmin/xadmin/log/ HTTP/1.1" 200 39769
INFO 2019-11-21 22:42:23,257 basehttp 124 "GET /static/xadmin/vendor/selectize/selectize.bootstrap3.css HTTP/1.1" 200 11003
INFO 2019-11-21 22:42:23,258 basehttp 124 "GET /static/xadmin/js/xadmin.widget.datetime.js HTTP/1.1" 200 3069
INFO 2019-11-21 22:42:23,259 basehttp 124 "GET /static/xadmin/vendor/bootstrap-datepicker/css/datepicker.css HTTP/1.1" 200 10526
INFO 2019-11-21 22:42:23,260 basehttp 124 "GET /static/xadmin/vendor/select2/select2.css HTTP/1.1" 200 19841
INFO 2019-11-21 22:42:23,261 basehttp 124 "GET /xadmin/jsi18n/ HTTP/1.1" 200 7684
INFO 2019-11-21 22:42:23,261 basehttp 124 "GET /static/xadmin/vendor/selectize/selectize.css HTTP/1.1" 200 8742
INFO 2019-11-21 22:42:23,272 basehttp 124 "GET /static/xadmin/js/xadmin.widget.select.js HTTP/1.1" 200 1382
INFO 2019-11-21 22:42:23,273 basehttp 124 "GET /static/xadmin/vendor/select2/select2_locale_zh-hans.js HTTP/1.1" 200 708
INFO 2019-11-21 22:42:23,273 basehttp 124 "GET /static/xadmin/vendor/bootstrap-datepicker/js/bootstrap-datepicker.js HTTP/1.1" 200 33703
INFO 2019-11-21 22:42:23,279 basehttp 124 "GET /static/xadmin/vendor/select2/select2.js HTTP/1.1" 200 107692
INFO 2019-11-21 22:42:23,285 basehttp 124 "GET /static/xadmin/vendor/selectize/selectize.js HTTP/1.1" 200 102268
WARNING 2019-11-21 22:56:48,284 base 93 Not Found: /
WARNING 2019-11-21 22:56:48,285 basehttp 124 "GET / HTTP/1.1" 404 2475
WARNING 2019-11-21 22:57:33,797 base 93 Not Found: /
WARNING 2019-11-21 22:57:33,799 basehttp 124 "GET / HTTP/1.1" 404 2475
INFO 2019-11-21 22:57:42,162 basehttp 124 "GET /xadmin/ HTTP/1.1" 200 15721
INFO 2019-11-21 22:57:42,196 basehttp 124 "GET /xadmin/jsi18n/ HTTP/1.1" 200 7684
INFO 2019-11-21 22:57:53,672 basehttp 124 "GET /xadmin/auth/group/ HTTP/1.1" 200 24929
INFO 2019-11-21 22:57:53,697 basehttp 124 "GET /xadmin/jsi18n/ HTTP/1.1" 200 7684
INFO 2019-11-21 22:57:55,228 basehttp 124 "GET /xadmin/auth/permission/ HTTP/1.1" 200 90892
INFO 2019-11-21 22:57:55,250 basehttp 124 "GET /xadmin/jsi18n/ HTTP/1.1" 200 7684
INFO 2019-11-21 22:57:59,991 basehttp 124 "GET /xadmin/course/coursecategory/ HTTP/1.1" 200 25217
INFO 2019-11-21 22:58:00,017 basehttp 124 "GET /xadmin/jsi18n/ HTTP/1.1" 200 7684
INFO 2019-11-21 22:58:01,136 basehttp 124 "GET /xadmin/course/course/ HTTP/1.1" 200 26994
INFO 2019-11-21 22:58:01,169 basehttp 124 "GET /xadmin/jsi18n/ HTTP/1.1" 200 7684
INFO 2019-11-21 22:58:02,281 basehttp 124 "GET /xadmin/course/coursechapter/ HTTP/1.1" 200 25712
INFO 2019-11-21 22:58:02,305 basehttp 124 "GET /xadmin/jsi18n/ HTTP/1.1" 200 7684
INFO 2019-11-21 22:58:03,305 basehttp 124 "GET /xadmin/course/coursesection/ HTTP/1.1" 200 25983
INFO 2019-11-21 22:58:03,328 basehttp 124 "GET /xadmin/jsi18n/ HTTP/1.1" 200 7684
